0 info it worked if it ends with ok
1 verbose cli [ 'node', '/usr/local/bin/npm', 'install' ]
2 info using npm@1.2.0
3 info using node@v0.8.17
4 verbose read json /Users/ygrenzinger/Xebia/XKE/qwack/package.json
5 verbose readDependencies using package.json deps
6 verbose install where, deps [ '/Users/ygrenzinger/Xebia/XKE/qwack',
6 verbose install   [ 'express', 'mongoose', 'restler', 'mocha', 'should' ] ]
7 verbose from cache /Users/ygrenzinger/Xebia/XKE/qwack/package.json
8 info preinstall qwack@0.0.1
9 verbose from cache /Users/ygrenzinger/Xebia/XKE/qwack/package.json
10 verbose readDependencies using package.json deps
11 verbose cache add [ 'express@3.0.0', null ]
12 silly cache add name=undefined spec="express@3.0.0" args=["express@3.0.0",null]
13 verbose parsed url { pathname: 'express@3.0.0',
13 verbose parsed url   path: 'express@3.0.0',
13 verbose parsed url   href: 'express@3.0.0' }
14 silly cache add name="express" spec="3.0.0" args=["express","3.0.0"]
15 verbose parsed url { pathname: '3.0.0', path: '3.0.0', href: '3.0.0' }
16 verbose addNamed [ 'express', '3.0.0' ]
17 verbose addNamed [ '3.0.0', '3.0.0' ]
18 verbose cache add [ 'mongoose@3.5.4', null ]
19 silly cache add name=undefined spec="mongoose@3.5.4" args=["mongoose@3.5.4",null]
20 verbose parsed url { pathname: 'mongoose@3.5.4',
20 verbose parsed url   path: 'mongoose@3.5.4',
20 verbose parsed url   href: 'mongoose@3.5.4' }
21 silly cache add name="mongoose" spec="3.5.4" args=["mongoose","3.5.4"]
22 verbose parsed url { pathname: '3.5.4', path: '3.5.4', href: '3.5.4' }
23 verbose addNamed [ 'mongoose', '3.5.4' ]
24 verbose addNamed [ '3.5.4', '3.5.4' ]
25 verbose cache add [ 'restler@2.0.1', null ]
26 silly cache add name=undefined spec="restler@2.0.1" args=["restler@2.0.1",null]
27 verbose parsed url { pathname: 'restler@2.0.1',
27 verbose parsed url   path: 'restler@2.0.1',
27 verbose parsed url   href: 'restler@2.0.1' }
28 silly cache add name="restler" spec="2.0.1" args=["restler","2.0.1"]
29 verbose parsed url { pathname: '2.0.1', path: '2.0.1', href: '2.0.1' }
30 verbose addNamed [ 'restler', '2.0.1' ]
31 verbose addNamed [ '2.0.1', '2.0.1' ]
32 verbose cache add [ 'mocha@1.8.1', null ]
33 silly cache add name=undefined spec="mocha@1.8.1" args=["mocha@1.8.1",null]
34 verbose parsed url { pathname: 'mocha@1.8.1',
34 verbose parsed url   path: 'mocha@1.8.1',
34 verbose parsed url   href: 'mocha@1.8.1' }
35 silly cache add name="mocha" spec="1.8.1" args=["mocha","1.8.1"]
36 verbose parsed url { pathname: '1.8.1', path: '1.8.1', href: '1.8.1' }
37 verbose addNamed [ 'mocha', '1.8.1' ]
38 verbose addNamed [ '1.8.1', '1.8.1' ]
39 verbose cache add [ 'should@1.2.1', null ]
40 silly cache add name=undefined spec="should@1.2.1" args=["should@1.2.1",null]
41 verbose parsed url { pathname: 'should@1.2.1',
41 verbose parsed url   path: 'should@1.2.1',
41 verbose parsed url   href: 'should@1.2.1' }
42 silly cache add name="should" spec="1.2.1" args=["should","1.2.1"]
43 verbose parsed url { pathname: '1.2.1', path: '1.2.1', href: '1.2.1' }
44 verbose addNamed [ 'should', '1.2.1' ]
45 verbose addNamed [ '1.2.1', '1.2.1' ]
46 silly lockFile 35596296-express-3-0-0 express@3.0.0
47 verbose lock express@3.0.0 /Users/ygrenzinger/.npm/35596296-express-3-0-0.lock
48 silly lockFile 22f6d366-mongoose-3-5-4 mongoose@3.5.4
49 verbose lock mongoose@3.5.4 /Users/ygrenzinger/.npm/22f6d366-mongoose-3-5-4.lock
50 silly lockFile 086f7462-restler-2-0-1 restler@2.0.1
51 verbose lock restler@2.0.1 /Users/ygrenzinger/.npm/086f7462-restler-2-0-1.lock
52 silly lockFile 51be7551-mocha-1-8-1 mocha@1.8.1
53 verbose lock mocha@1.8.1 /Users/ygrenzinger/.npm/51be7551-mocha-1-8-1.lock
54 silly lockFile f4162d21-should-1-2-1 should@1.2.1
55 verbose lock should@1.2.1 /Users/ygrenzinger/.npm/f4162d21-should-1-2-1.lock
56 verbose url raw express/3.0.0
57 verbose url resolving [ 'https://registry.npmjs.org/', './express/3.0.0' ]
58 verbose url resolved https://registry.npmjs.org/express/3.0.0
59 info trying registry request attempt 1 at 10:29:19
60 verbose etag "C716I3P1T7H5G11FIFNMYFRU9"
61 http GET https://registry.npmjs.org/express/3.0.0
62 verbose url raw mongoose/3.5.4
63 verbose url resolving [ 'https://registry.npmjs.org/', './mongoose/3.5.4' ]
64 verbose url resolved https://registry.npmjs.org/mongoose/3.5.4
65 info trying registry request attempt 1 at 10:29:19
66 verbose etag "8KQ4IAWUICMSP0RS9FJU9OKF8"
67 http GET https://registry.npmjs.org/mongoose/3.5.4
68 verbose url raw should/1.2.1
69 verbose url resolving [ 'https://registry.npmjs.org/', './should/1.2.1' ]
70 verbose url resolved https://registry.npmjs.org/should/1.2.1
71 info trying registry request attempt 1 at 10:29:19
72 verbose etag "CC8MQ3FCQP7SRHSH095GI35RS"
73 http GET https://registry.npmjs.org/should/1.2.1
74 verbose url raw mocha/1.8.1
75 verbose url resolving [ 'https://registry.npmjs.org/', './mocha/1.8.1' ]
76 verbose url resolved https://registry.npmjs.org/mocha/1.8.1
77 info trying registry request attempt 1 at 10:29:19
78 verbose etag "2CZR85GYHL0JD5FE57OYSZ98Y"
79 http GET https://registry.npmjs.org/mocha/1.8.1
80 verbose url raw restler/2.0.1
81 verbose url resolving [ 'https://registry.npmjs.org/', './restler/2.0.1' ]
82 verbose url resolved https://registry.npmjs.org/restler/2.0.1
83 info trying registry request attempt 1 at 10:29:19
84 verbose etag "8IMVCYV6VXI8RM0N1NZSE2SMV"
85 http GET https://registry.npmjs.org/restler/2.0.1
86 http 200 https://registry.npmjs.org/express/3.0.0
87 silly registry.get cb [ 200,
87 silly registry.get   { vary: 'Accept',
87 silly registry.get     server: 'CouchDB/1.2.1 (Erlang OTP/R15B)',
87 silly registry.get     etag: '"1JBT3DVW7VF6719MYGIN4B988"',
87 silly registry.get     date: 'Wed, 06 Feb 2013 09:27:31 GMT',
87 silly registry.get     'content-type': 'application/json',
87 silly registry.get     'content-length': '7529' } ]
88 http 200 https://registry.npmjs.org/restler/2.0.1
89 silly registry.get cb [ 200,
89 silly registry.get   { vary: 'Accept',
89 silly registry.get     server: 'CouchDB/1.2.1 (Erlang OTP/R15B)',
89 silly registry.get     etag: '"2T1R5UGMQG10ELIUUNCQQ8T70"',
89 silly registry.get     date: 'Wed, 06 Feb 2013 09:27:31 GMT',
89 silly registry.get     'content-type': 'application/json',
89 silly registry.get     'content-length': '811' } ]
90 silly lockFile cc694256-js-org-restler-restler-2-0-1-tgz https://registry.npmjs.org/restler/-/restler-2.0.1.tgz
91 verbose lock https://registry.npmjs.org/restler/-/restler-2.0.1.tgz /Users/ygrenzinger/.npm/cc694256-js-org-restler-restler-2-0-1-tgz.lock
92 silly lockFile c3d3d32d-js-org-express-express-3-0-0-tgz https://registry.npmjs.org/express/-/express-3.0.0.tgz
93 verbose lock https://registry.npmjs.org/express/-/express-3.0.0.tgz /Users/ygrenzinger/.npm/c3d3d32d-js-org-express-express-3-0-0-tgz.lock
94 verbose addRemoteTarball [ 'https://registry.npmjs.org/restler/-/restler-2.0.1.tgz',
94 verbose addRemoteTarball   '593e3d4fac6b93faffa1c5ed0ca97fa3422078c8' ]
95 verbose addRemoteTarball [ 'https://registry.npmjs.org/express/-/express-3.0.0.tgz',
95 verbose addRemoteTarball   '41e202f3627ea442be9e86d5ec51246ad72339ed' ]
96 info retry fetch attempt 1 at 10:29:21
97 verbose fetch to= /Users/ygrenzinger/tmp/npm-24866/1360142961629-0.3515694516245276/tmp.tgz
98 info retry fetch attempt 1 at 10:29:21
99 verbose fetch to= /Users/ygrenzinger/tmp/npm-24866/1360142961629-0.8536049455869943/tmp.tgz
100 http GET https://registry.npmjs.org/restler/-/restler-2.0.1.tgz
101 http GET https://registry.npmjs.org/express/-/express-3.0.0.tgz
102 http 200 https://registry.npmjs.org/mocha/1.8.1
103 silly registry.get cb [ 200,
103 silly registry.get   { vary: 'Accept',
103 silly registry.get     server: 'CouchDB/1.2.1 (Erlang OTP/R15B)',
103 silly registry.get     etag: '"BMDLE3USG6NB69WSLG0ZI1RKE"',
103 silly registry.get     date: 'Wed, 06 Feb 2013 09:27:31 GMT',
103 silly registry.get     'content-type': 'application/json',
103 silly registry.get     'content-length': '2248' } ]
104 http 200 https://registry.npmjs.org/should/1.2.1
105 silly registry.get cb [ 200,
105 silly registry.get   { vary: 'Accept',
105 silly registry.get     server: 'CouchDB/1.2.1 (Erlang OTP/R15B)',
105 silly registry.get     etag: '"41WT75KSLK89KXIZSC0GQIWJK"',
105 silly registry.get     date: 'Wed, 06 Feb 2013 09:27:31 GMT',
105 silly registry.get     'content-type': 'application/json',
105 silly registry.get     'content-length': '11615' } ]
106 silly lockFile 1c320ab1--npmjs-org-mocha-mocha-1-8-1-tgz https://registry.npmjs.org/mocha/-/mocha-1.8.1.tgz
107 verbose lock https://registry.npmjs.org/mocha/-/mocha-1.8.1.tgz /Users/ygrenzinger/.npm/1c320ab1--npmjs-org-mocha-mocha-1-8-1-tgz.lock
108 verbose addRemoteTarball [ 'https://registry.npmjs.org/mocha/-/mocha-1.8.1.tgz',
108 verbose addRemoteTarball   'fa6f056cc3282f55ec2ac6be27b32e304d61e2fe' ]
109 silly lockFile fe928140-pmjs-org-should-should-1-2-1-tgz https://registry.npmjs.org/should/-/should-1.2.1.tgz
110 verbose lock https://registry.npmjs.org/should/-/should-1.2.1.tgz /Users/ygrenzinger/.npm/fe928140-pmjs-org-should-should-1-2-1-tgz.lock
111 info retry fetch attempt 1 at 10:29:21
112 verbose fetch to= /Users/ygrenzinger/tmp/npm-24866/1360142961726-0.4755548012908548/tmp.tgz
113 http GET https://registry.npmjs.org/mocha/-/mocha-1.8.1.tgz
114 verbose addRemoteTarball [ 'https://registry.npmjs.org/should/-/should-1.2.1.tgz',
114 verbose addRemoteTarball   '4a1828941ccbc638d53c79e4ef17e533328581b8' ]
115 info retry fetch attempt 1 at 10:29:21
116 verbose fetch to= /Users/ygrenzinger/tmp/npm-24866/1360142961727-0.7666285869199783/tmp.tgz
117 http GET https://registry.npmjs.org/should/-/should-1.2.1.tgz
118 http 200 https://registry.npmjs.org/mongoose/3.5.4
119 silly registry.get cb [ 200,
119 silly registry.get   { vary: 'Accept',
119 silly registry.get     server: 'CouchDB/1.2.1 (Erlang OTP/R15B)',
119 silly registry.get     etag: '"D2KTS2PHBAC34YM3YQWRTJO2P"',
119 silly registry.get     date: 'Wed, 06 Feb 2013 09:27:31 GMT',
119 silly registry.get     'content-type': 'application/json',
119 silly registry.get     'content-length': '13659' } ]
120 silly lockFile 1dd0afd6--org-mongoose-mongoose-3-5-4-tgz https://registry.npmjs.org/mongoose/-/mongoose-3.5.4.tgz
121 verbose lock https://registry.npmjs.org/mongoose/-/mongoose-3.5.4.tgz /Users/ygrenzinger/.npm/1dd0afd6--org-mongoose-mongoose-3-5-4-tgz.lock
122 verbose addRemoteTarball [ 'https://registry.npmjs.org/mongoose/-/mongoose-3.5.4.tgz',
122 verbose addRemoteTarball   '1336b5459713230ab936d2fd195b37fc1bcfc176' ]
123 info retry fetch attempt 1 at 10:29:21
124 verbose fetch to= /Users/ygrenzinger/tmp/npm-24866/1360142961769-0.21411234023980796/tmp.tgz
125 http GET https://registry.npmjs.org/mongoose/-/mongoose-3.5.4.tgz
126 error fetch failed https://registry.npmjs.org/should/-/should-1.2.1.tgz
127 info retry will retry, error on last attempt: Error: SSL Error: CERT_UNTRUSTED
128 error fetch failed https://registry.npmjs.org/restler/-/restler-2.0.1.tgz
129 info retry will retry, error on last attempt: Error: SSL Error: CERT_UNTRUSTED
130 error fetch failed https://registry.npmjs.org/mocha/-/mocha-1.8.1.tgz
131 info retry will retry, error on last attempt: Error: SSL Error: CERT_UNTRUSTED
132 error fetch failed https://registry.npmjs.org/express/-/express-3.0.0.tgz
133 info retry will retry, error on last attempt: Error: SSL Error: CERT_UNTRUSTED
134 error fetch failed https://registry.npmjs.org/mongoose/-/mongoose-3.5.4.tgz
135 info retry will retry, error on last attempt: Error: SSL Error: CERT_UNTRUSTED
136 info retry fetch attempt 2 at 10:29:32
137 verbose fetch to= /Users/ygrenzinger/tmp/npm-24866/1360142961727-0.7666285869199783/tmp.tgz
138 http GET https://registry.npmjs.org/should/-/should-1.2.1.tgz
139 info retry fetch attempt 2 at 10:29:32
140 verbose fetch to= /Users/ygrenzinger/tmp/npm-24866/1360142961629-0.3515694516245276/tmp.tgz
141 info retry fetch attempt 2 at 10:29:32
142 verbose fetch to= /Users/ygrenzinger/tmp/npm-24866/1360142961726-0.4755548012908548/tmp.tgz
143 info retry fetch attempt 2 at 10:29:32
144 verbose fetch to= /Users/ygrenzinger/tmp/npm-24866/1360142961629-0.8536049455869943/tmp.tgz
145 http GET https://registry.npmjs.org/restler/-/restler-2.0.1.tgz
146 http GET https://registry.npmjs.org/mocha/-/mocha-1.8.1.tgz
147 http GET https://registry.npmjs.org/express/-/express-3.0.0.tgz
148 info retry fetch attempt 2 at 10:29:32
149 verbose fetch to= /Users/ygrenzinger/tmp/npm-24866/1360142961769-0.21411234023980796/tmp.tgz
150 http GET https://registry.npmjs.org/mongoose/-/mongoose-3.5.4.tgz
151 error fetch failed https://registry.npmjs.org/should/-/should-1.2.1.tgz
152 info retry will retry, error on last attempt: Error: SSL Error: CERT_UNTRUSTED
153 error fetch failed https://registry.npmjs.org/restler/-/restler-2.0.1.tgz
154 info retry will retry, error on last attempt: Error: SSL Error: CERT_UNTRUSTED
155 error fetch failed https://registry.npmjs.org/express/-/express-3.0.0.tgz
156 info retry will retry, error on last attempt: Error: SSL Error: CERT_UNTRUSTED
157 error fetch failed https://registry.npmjs.org/mocha/-/mocha-1.8.1.tgz
158 info retry will retry, error on last attempt: Error: SSL Error: CERT_UNTRUSTED
159 error fetch failed https://registry.npmjs.org/mongoose/-/mongoose-3.5.4.tgz
160 info retry will retry, error on last attempt: Error: SSL Error: CERT_UNTRUSTED
161 info retry fetch attempt 3 at 10:30:32
162 verbose fetch to= /Users/ygrenzinger/tmp/npm-24866/1360142961727-0.7666285869199783/tmp.tgz
163 http GET https://registry.npmjs.org/should/-/should-1.2.1.tgz
164 info retry fetch attempt 3 at 10:30:32
165 verbose fetch to= /Users/ygrenzinger/tmp/npm-24866/1360142961629-0.3515694516245276/tmp.tgz
166 http GET https://registry.npmjs.org/restler/-/restler-2.0.1.tgz
167 info retry fetch attempt 3 at 10:30:32
168 verbose fetch to= /Users/ygrenzinger/tmp/npm-24866/1360142961629-0.8536049455869943/tmp.tgz
169 http GET https://registry.npmjs.org/express/-/express-3.0.0.tgz
170 info retry fetch attempt 3 at 10:30:32
171 verbose fetch to= /Users/ygrenzinger/tmp/npm-24866/1360142961726-0.4755548012908548/tmp.tgz
172 info retry fetch attempt 3 at 10:30:32
173 verbose fetch to= /Users/ygrenzinger/tmp/npm-24866/1360142961769-0.21411234023980796/tmp.tgz
174 http GET https://registry.npmjs.org/mocha/-/mocha-1.8.1.tgz
175 http GET https://registry.npmjs.org/mongoose/-/mongoose-3.5.4.tgz
176 error fetch failed https://registry.npmjs.org/should/-/should-1.2.1.tgz
177 silly lockFile fe928140-pmjs-org-should-should-1-2-1-tgz https://registry.npmjs.org/should/-/should-1.2.1.tgz
178 error fetch failed https://registry.npmjs.org/restler/-/restler-2.0.1.tgz
179 silly lockFile cc694256-js-org-restler-restler-2-0-1-tgz https://registry.npmjs.org/restler/-/restler-2.0.1.tgz
180 silly lockFile f4162d21-should-1-2-1 should@1.2.1
181 silly lockFile 086f7462-restler-2-0-1 restler@2.0.1
182 error Error: SSL Error: CERT_UNTRUSTED
182 error     at ClientRequest.<anonymous> (/usr/local/lib/node_modules/npm/node_modules/request/main.js:525:26)
182 error     at ClientRequest.g (events.js:192:14)
182 error     at ClientRequest.EventEmitter.emit (events.js:96:17)
182 error     at HTTPParser.parserOnIncomingClient (http.js:1527:7)
182 error     at HTTPParser.parserOnHeadersComplete [as onHeadersComplete] (http.js:111:23)
182 error     at CleartextStream.socketOnData (http.js:1430:20)
182 error     at CleartextStream.CryptoStream._push (tls.js:526:27)
182 error     at SecurePair.cycle (tls.js:880:20)
182 error     at EncryptedStream.CryptoStream.write (tls.js:267:13)
182 error     at Socket.ondata (stream.js:38:26)
183 error If you need help, you may report this log at:
183 error     <http://github.com/isaacs/npm/issues>
183 error or email it to:
183 error     <npm-@googlegroups.com>
184 error System Darwin 12.2.1
185 error command "node" "/usr/local/bin/npm" "install"
186 error cwd /Users/ygrenzinger/Xebia/XKE/qwack
187 error node -v v0.8.17
188 error npm -v 1.2.0
189 verbose exit [ 1, true ]
